#
# There is insufficient memory for the Java Runtime Environment to continue.
# Native memory allocation (malloc) failed to allocate 232656 bytes for Chunk::new
# Possible reasons:
#   The system is out of physical RAM or swap space
#   In 32 bit mode, the process size limit was hit
# Possible solutions:
#   Reduce memory load on the system
#   Increase physical memory or swap space
#   Check if swap backing store is full
#   Use 64 bit Java on a 64 bit OS
#   Decrease Java heap size (-Xmx/-Xms)
#   Decrease number of Java threads
#   Decrease Java thread stack sizes (-Xss)
#   Set larger code cache with -XX:ReservedCodeCacheSize=
# This output file may be truncated or incomplete.
#
#  Out of Memory Error (allocation.cpp:390), pid=17796, tid=0x0000000000004598
#
# JRE version: OpenJDK Runtime Environment (8.0) (build 1.8.0-adoptopenjdk-_2018_05_19_00_59-b00)
# Java VM: OpenJDK 64-Bit Server VM (25.71-b00 mixed mode windows-amd64 compressed oops)
# Failed to write core dump. Minidumps are not enabled by default on client versions of Windows
#

---------------  T H R E A D  ---------------

Current thread (0x000000001659e000):  JavaThread "C2 CompilerThread2" daemon [_thread_in_native, id=17816, stack(0x0000000018e70000,0x0000000018f70000)]

Stack: [0x0000000018e70000,0x0000000018f70000]
[error occurred during error reporting (printing stack bounds), id 0xc0000005]

Native frames: (J=compiled Java code, j=interpreted, Vv=VM code, C=native code)


Current CompileTask:
C2:   2109 1853       4       com.sun.xml.internal.bind.v2.runtime.unmarshaller.ValidatingUnmarshaller::text (85 bytes)


---------------  P R O C E S S  ---------------

Java Threads: ( => current thread )
  0x00000000196b6800 JavaThread "Keep-Alive-Timer" daemon [_thread_blocked, id=7260, stack(0x000000001a1b0000,0x000000001a2b0000)]
  0x000000001853c000 JavaThread "Service Thread" daemon [_thread_blocked, id=16080, stack(0x0000000019070000,0x0000000019170000)]
  0x00000000184af000 JavaThread "C1 CompilerThread3" daemon [_thread_in_native, id=25148, stack(0x0000000018f70000,0x0000000019070000)]
=>0x000000001659e000 JavaThread "C2 CompilerThread2" daemon [_thread_in_native, id=17816, stack(0x0000000018e70000,0x0000000018f70000)]
  0x000000001659b000 JavaThread "C2 CompilerThread1" daemon [_thread_in_native, id=16584, stack(0x0000000018d70000,0x0000000018e70000)]
  0x000000001849e800 JavaThread "C2 CompilerThread0" daemon [_thread_in_native, id=3880, stack(0x0000000018c70000,0x0000000018d70000)]
  0x000000001849c000 JavaThread "Attach Listener" daemon [_thread_blocked, id=13300, stack(0x0000000018b70000,0x0000000018c70000)]
  0x0000000018499000 JavaThread "Signal Dispatcher" daemon [_thread_blocked, id=3704, stack(0x0000000018a70000,0x0000000018b70000)]
  0x0000000018480800 JavaThread "Finalizer" daemon [_thread_blocked, id=10952, stack(0x0000000018860000,0x0000000018960000)]
  0x000000000287c000 JavaThread "Reference Handler" daemon [_thread_blocked, id=31704, stack(0x0000000018360000,0x0000000018460000)]
  0x0000000002785800 JavaThread "main" [_thread_in_Java, id=27052, stack(0x0000000002580000,0x0000000002680000)]

Other Threads:
  0x0000000016586800 VMThread [stack: 0x0000000018260000,0x0000000018360000] [id=29888]
  0x000000001853d800 WatcherThread [stack: 0x0000000019170000,0x0000000019270000] [id=31292]

VM state:not at safepoint (normal execution)

VM Mutex/Monitor currently owned by a thread: None

Heap:
 PSYoungGen      total 28672K, used 21736K [0x00000000e0700000, 0x00000000e2700000, 0x0000000100000000)
  eden space 24576K, 71% used [0x00000000e0700000,0x00000000e183ca98,0x00000000e1f00000)
  from space 4096K, 99% used [0x00000000e1f00000,0x00000000e22fd870,0x00000000e2300000)
  to   space 4096K, 0% used [0x00000000e2300000,0x00000000e2300000,0x00000000e2700000)
 ParOldGen       total 65536K, used 795K [0x00000000a1400000, 0x00000000a5400000, 0x00000000e0700000)
  object space 65536K, 1% used [0x00000000a1400000,0x00000000a14c6f70,0x00000000a5400000)
 Metaspace       used 16988K, capacity 17312K, committed 17536K, reserved 1064960K
  class space    used 1961K, capacity 2066K, committed 2176K, reserved 1048576K

Card table byte_map: [0x0000000011c40000,0x0000000011f40000] byte_map_base: 0x0000000011736000

Marking Bits: (ParMarkBitMap*) 0x000000006886be50
 Begin Bits: [0x0000000012940000, 0x00000000140f0000)
 End Bits:   [0x00000000140f0000, 0x00000000158a0000)

Polling page: 0x0000000000d50000

CodeCache: size=245760Kb used=6616Kb max_used=6616Kb free=239143Kb
 bounds [0x0000000002880000, 0x0000000002f00000, 0x0000000011880000]
 total_blobs=2306 nmethods=1886 adapters=332
 compilation: enabled

Compilation events (10 events):
Event: 2.102 Thread 0x00000000184af000 nmethod 1887 0x0000000002ee6090 code [0x0000000002ee6220, 0x0000000002ee6630]
Event: 2.102 Thread 0x00000000184af000 1882       3       java.lang.Long::parseLong (272 bytes)
Event: 2.105 Thread 0x00000000184af000 nmethod 1882 0x0000000002ee6810 code [0x0000000002ee6f00, 0x0000000002eebb48]
Event: 2.105 Thread 0x00000000184af000 1891       3       com.sun.org.apache.xerces.internal.impl.xpath.regex.RegularExpression$Context::resetCommon (95 bytes)
Event: 2.106 Thread 0x00000000184af000 nmethod 1891 0x0000000002eeed90 code [0x0000000002eeef40, 0x0000000002eef930]
Event: 2.106 Thread 0x00000000184af000 1893       3       java.lang.reflect.Field::getFieldAccessor (35 bytes)
Event: 2.106 Thread 0x00000000184af000 nmethod 1893 0x0000000002eefcd0 code [0x0000000002eefe40, 0x0000000002ef0088]
Event: 2.106 Thread 0x00000000184af000 1894       3       com.sun.xml.internal.bind.v2.runtime.Coordinator::_getInstance (10 bytes)
Event: 2.106 Thread 0x00000000184af000 nmethod 1894 0x0000000002ef0110 code [0x0000000002ef0280, 0x0000000002ef0568]
Event: 2.106 Thread 0x00000000184af000 1895       3       java.lang.reflect.Field::set (52 bytes)

GC Heap History (2 events):
Event: 0.792 GC heap before
{Heap before GC invocations=1 (full 0):
 PSYoungGen      total 28672K, used 24576K [0x00000000e0700000, 0x00000000e2700000, 0x0000000100000000)
  eden space 24576K, 100% used [0x00000000e0700000,0x00000000e1f00000,0x00000000e1f00000)
  from space 4096K, 0% used [0x00000000e2300000,0x00000000e2300000,0x00000000e2700000)
  to   space 4096K, 0% used [0x00000000e1f00000,0x00000000e1f00000,0x00000000e2300000)
 ParOldGen       total 65536K, used 0K [0x00000000a1400000, 0x00000000a5400000, 0x00000000e0700000)
  object space 65536K, 0% used [0x00000000a1400000,0x00000000a1400000,0x00000000a5400000)
 Metaspace       used 10005K, capacity 10236K, committed 10496K, reserved 1058816K
  class space    used 1161K, capacity 1254K, committed 1280K, reserved 1048576K
Event: 0.800 GC heap after
Heap after GC invocations=1 (full 0):
 PSYoungGen      total 28672K, used 4086K [0x00000000e0700000, 0x00000000e2700000, 0x0000000100000000)
  eden space 24576K, 0% used [0x00000000e0700000,0x00000000e0700000,0x00000000e1f00000)
  from space 4096K, 99% used [0x00000000e1f00000,0x00000000e22fd870,0x00000000e2300000)
  to   space 4096K, 0% used [0x00000000e2300000,0x00000000e2300000,0x00000000e2700000)
 ParOldGen       total 65536K, used 795K [0x00000000a1400000, 0x00000000a5400000, 0x00000000e0700000)
  object space 65536K, 1% used [0x00000000a1400000,0x00000000a14c6f70,0x00000000a5400000)
 Metaspace       used 10005K, capacity 10236K, committed 10496K, reserved 1058816K
  class space    used 1161K, capacity 1254K, committed 1280K, reserved 1048576K
}

Deoptimization events (10 events):
Event: 1.677 Thread 0x0000000002785800 Uncommon trap: reason=bimorphic action=maybe_recompile pc=0x0000000002c32f24 method=java.io.DataInputStream.readInt()I @ 4
Event: 1.677 Thread 0x0000000002785800 Uncommon trap: reason=bimorphic action=maybe_recompile pc=0x0000000002c32f24 method=java.io.DataInputStream.readInt()I @ 4
Event: 1.734 Thread 0x0000000002785800 Uncommon trap: reason=unstable_if action=reinterpret pc=0x0000000002b4ba40 method=java.lang.AbstractStringBuilder.append(Ljava/lang/String;)Ljava/lang/AbstractStringBuilder; @ 1
Event: 1.840 Thread 0x0000000002785800 Uncommon trap: reason=unstable_if action=reinterpret pc=0x0000000002a923b0 method=java.lang.AbstractStringBuilder.append(Ljava/lang/String;)Ljava/lang/AbstractStringBuilder; @ 1
Event: 1.876 Thread 0x0000000002785800 Uncommon trap: reason=unstable_if action=reinterpret pc=0x0000000002c71638 method=java.lang.Integer.parseInt(Ljava/lang/String;I)I @ 197
Event: 1.893 Thread 0x0000000002785800 Uncommon trap: reason=unstable_if action=reinterpret pc=0x0000000002d8974c method=java.util.regex.Pattern$Ctype.isSatisfiedBy(I)Z @ 4
Event: 1.895 Thread 0x0000000002785800 Uncommon trap: reason=unstable_if action=reinterpret pc=0x0000000002d95108 method=java.util.regex.Pattern$NotBehind.match(Ljava/util/regex/Matcher;ILjava/lang/CharSequence;)Z @ 128
Event: 2.013 Thread 0x0000000002785800 Uncommon trap: reason=unstable_if action=reinterpret pc=0x0000000002db79b4 method=com.sun.org.apache.xerces.internal.impl.XMLEntityScanner.checkBeforeLoad(Lcom/sun/xml/internal/stream/Entity$ScannedEntity;II)I @ 18
Event: 2.032 Thread 0x0000000002785800 Uncommon trap: reason=unstable_if action=reinterpret pc=0x0000000002dedd10 method=com.sun.org.apache.xerces.internal.impl.XMLEntityScanner.scanContent(Lcom/sun/org/apache/xerces/internal/xni/XMLString;)I @ 418
Event: 2.050 Thread 0x0000000002785800 Uncommon trap: reason=unstable_if action=reinterpret pc=0x0000000002e07870 method=com.sun.org.apache.xerces.internal.impl.XMLEntityScanner.peekChar()I @ 14

Classes redefined (0 events):
No events

Internal exceptions (10 events):
Event: 0.597 Thread 0x0000000002785800 Exception <a 'sun/nio/fs/WindowsException'> (0x00000000e15fbf50) thrown at [C:\Users\jenkins\workspace\openjdk8_build_x86-64_windows\openjdk\hotspot\src\share\vm\prims\jni.cpp, line 709]
Event: 0.597 Thread 0x0000000002785800 Exception <a 'sun/nio/fs/WindowsException'> (0x00000000e15fc600) thrown at [C:\Users\jenkins\workspace\openjdk8_build_x86-64_windows\openjdk\hotspot\src\share\vm\prims\jni.cpp, line 709]
Event: 1.370 Thread 0x0000000002785800 Implicit null exception at 0x0000000002c74198 to 0x0000000002c742dd
Event: 1.522 Thread 0x0000000002785800 Exception <a 'java/lang/ClassNotFoundException': com/sun/org/glassfish/hk2/osgiresourcelocator/ServiceLoader> (0x00000000e0d37510) thrown at [C:\Users\jenkins\workspace\openjdk8_build_x86-64_windows\openjdk\hotspot\src\share\vm\classfile\systemDictionary.
Event: 1.532 Thread 0x0000000002785800 Exception <a 'java/lang/NullPointerException'> (0x00000000e0d99480) thrown at [C:\Users\jenkins\workspace\openjdk8_build_x86-64_windows\openjdk\hotspot\src\share\vm\interpreter\linkResolver.cpp, line 1287]
Event: 1.595 Thread 0x0000000002785800 Exception <a 'java/lang/ArrayIndexOutOfBoundsException'> (0x00000000e0e54970) thrown at [C:\Users\jenkins\workspace\openjdk8_build_x86-64_windows\openjdk\hotspot\src\share\vm\runtime\sharedRuntime.cpp, line 605]
Event: 1.596 Thread 0x0000000002785800 Exception <a 'java/lang/ArrayIndexOutOfBoundsException': 18> (0x00000000e0e556b0) thrown at [C:\Users\jenkins\workspace\openjdk8_build_x86-64_windows\openjdk\hotspot\src\share\vm\interpreter\interpreterRuntime.cpp, line 366]
Event: 1.596 Thread 0x0000000002785800 Exception <a 'java/lang/ArrayIndexOutOfBoundsException': 62> (0x00000000e0e565a0) thrown at [C:\Users\jenkins\workspace\openjdk8_build_x86-64_windows\openjdk\hotspot\src\share\vm\interpreter\interpreterRuntime.cpp, line 366]
Event: 1.734 Thread 0x0000000002785800 Implicit null exception at 0x0000000002b4b699 to 0x0000000002b4ba29
Event: 1.840 Thread 0x0000000002785800 Implicit null exception at 0x0000000002a92016 to 0x0000000002a92399

Events (10 events):
Event: 2.064 Thread 0x0000000002785800 DEOPT PACKING pc=0x0000000002e81dc0 sp=0x000000000267eb40
Event: 2.064 Thread 0x0000000002785800 DEOPT UNPACKING pc=0x00000000028c71d0 sp=0x000000000267e880 mode 0
Event: 2.071 Thread 0x0000000002785800 DEOPT PACKING pc=0x0000000002e541bd sp=0x000000000267e8a0
Event: 2.071 Thread 0x0000000002785800 DEOPT UNPACKING pc=0x00000000028c71d0 sp=0x000000000267e668 mode 0
Event: 2.072 Executing VM operation: ForceSafepoint
Event: 2.072 Executing VM operation: ForceSafepoint done
Event: 2.083 Thread 0x0000000002785800 DEOPT PACKING pc=0x0000000002e81dc0 sp=0x000000000267eb40
Event: 2.083 Thread 0x0000000002785800 DEOPT UNPACKING pc=0x00000000028c71d0 sp=0x000000000267e880 mode 0
Event: 2.096 Thread 0x0000000002785800 DEOPT PACKING pc=0x0000000002e81dc0 sp=0x000000000267eb40
Event: 2.096 Thread 0x0000000002785800 DEOPT UNPACKING pc=0x00000000028c71d0 sp=0x000000000267e880 mode 0


Dynamic libraries:
0x00007ff67e000000 - 0x00007ff67e035000 	C:\Program Files\Unity\Hub\Editor\2021.3.11f1\Editor\Data\PlaybackEngines\AndroidPlayer\OpenJDK\bin\java.exe
0x00007ff9f8540000 - 0x00007ff9f8749000 	C:\WINDOWS\SYSTEM32\ntdll.dll
0x00007ff9f6da0000 - 0x00007ff9f6e5d000 	C:\WINDOWS\System32\KERNEL32.DLL
0x00007ff9f5d40000 - 0x00007ff9f60bb000 	C:\WINDOWS\System32\KERNELBASE.dll
0x00007ff9f7460000 - 0x00007ff9f750e000 	C:\WINDOWS\System32\ADVAPI32.dll
0x00007ff9f7dc0000 - 0x00007ff9f7e63000 	C:\WINDOWS\System32\msvcrt.dll
0x00007ff9f81b0000 - 0x00007ff9f824e000 	C:\WINDOWS\System32\sechost.dll
0x00007ff9f6c10000 - 0x00007ff9f6d30000 	C:\WINDOWS\System32\RPCRT4.dll
0x00007ff9f6870000 - 0x00007ff9f6a1d000 	C:\WINDOWS\System32\USER32.dll
0x00007ff9f61f0000 - 0x00007ff9f6216000 	C:\WINDOWS\System32\win32u.dll
0x00007ff9f6840000 - 0x00007ff9f6869000 	C:\WINDOWS\System32\GDI32.dll
0x00007ff9f6220000 - 0x00007ff9f6338000 	C:\WINDOWS\System32\gdi32full.dll
0x00007ff9f5ca0000 - 0x00007ff9f5d3d000 	C:\WINDOWS\System32\msvcp_win.dll
0x00007ff9f5b80000 - 0x00007ff9f5c91000 	C:\WINDOWS\System32\ucrtbase.dll
0x00007ff9dd560000 - 0x00007ff9dd805000 	C:\WINDOWS\WinSxS\amd64_microsoft.windows.common-controls_6595b64144ccf1df_6.0.22000.120_none_9d947278b86cc467\COMCTL32.dll
0x00007ff9f7e70000 - 0x00007ff9f7ea1000 	C:\WINDOWS\System32\IMM32.DLL
0x00000000688f0000 - 0x00000000689c2000 	C:\Program Files\Unity\Hub\Editor\2021.3.11f1\Editor\Data\PlaybackEngines\AndroidPlayer\OpenJDK\jre\bin\msvcr100.dll
0x00000000680a0000 - 0x00000000688e9000 	C:\Program Files\Unity\Hub\Editor\2021.3.11f1\Editor\Data\PlaybackEngines\AndroidPlayer\OpenJDK\jre\bin\server\jvm.dll
0x00007ff9f7d50000 - 0x00007ff9f7d58000 	C:\WINDOWS\System32\PSAPI.DLL
0x00007ff9ef600000 - 0x00007ff9ef633000 	C:\WINDOWS\SYSTEM32\WINMM.dll
0x00007ff9f1800000 - 0x00007ff9f1809000 	C:\WINDOWS\SYSTEM32\WSOCK32.dll
0x00007ff9ed630000 - 0x00007ff9ed63a000 	C:\WINDOWS\SYSTEM32\VERSION.dll
0x00007ff9f6d30000 - 0x00007ff9f6d9f000 	C:\WINDOWS\System32\WS2_32.dll
0x00007ff9f15f0000 - 0x00007ff9f15ff000 	C:\Program Files\Unity\Hub\Editor\2021.3.11f1\Editor\Data\PlaybackEngines\AndroidPlayer\OpenJDK\jre\bin\verify.dll
0x00007ff9b5700000 - 0x00007ff9b5729000 	C:\Program Files\Unity\Hub\Editor\2021.3.11f1\Editor\Data\PlaybackEngines\AndroidPlayer\OpenJDK\jre\bin\java.dll
0x00007ff9b58e0000 - 0x00007ff9b58f6000 	C:\Program Files\Unity\Hub\Editor\2021.3.11f1\Editor\Data\PlaybackEngines\AndroidPlayer\OpenJDK\jre\bin\zip.dll
0x00007ff9f7590000 - 0x00007ff9f7d48000 	C:\WINDOWS\System32\SHELL32.dll
0x00007ff9f3b00000 - 0x00007ff9f4365000 	C:\WINDOWS\SYSTEM32\windows.storage.dll
0x00007ff9f6fa0000 - 0x00007ff9f7317000 	C:\WINDOWS\System32\combase.dll
0x00007ff9f3990000 - 0x00007ff9f3af6000 	C:\WINDOWS\SYSTEM32\wintypes.dll
0x00007ff9f6a20000 - 0x00007ff9f6b0a000 	C:\WINDOWS\System32\SHCORE.dll
0x00007ff9f7400000 - 0x00007ff9f745d000 	C:\WINDOWS\System32\shlwapi.dll
0x00007ff9f5940000 - 0x00007ff9f5961000 	C:\WINDOWS\SYSTEM32\profapi.dll
0x00007ff9b56e0000 - 0x00007ff9b56fa000 	C:\Program Files\Unity\Hub\Editor\2021.3.11f1\Editor\Data\PlaybackEngines\AndroidPlayer\OpenJDK\jre\bin\net.dll
0x00007ff9f4f30000 - 0x00007ff9f4f97000 	C:\WINDOWS\system32\mswsock.dll
0x00007ff9b56c0000 - 0x00007ff9b56d1000 	C:\Program Files\Unity\Hub\Editor\2021.3.11f1\Editor\Data\PlaybackEngines\AndroidPlayer\OpenJDK\jre\bin\nio.dll
0x00007ff9afc80000 - 0x00007ff9afca4000 	C:\Program Files\Unity\Hub\Editor\2021.3.11f1\Editor\Data\PlaybackEngines\AndroidPlayer\OpenJDK\jre\bin\sunec.dll
0x00007ff9f5180000 - 0x00007ff9f5198000 	C:\WINDOWS\SYSTEM32\CRYPTSP.dll
0x00007ff9f49f0000 - 0x00007ff9f4a25000 	C:\WINDOWS\system32\rsaenh.dll
0x00007ff9f5020000 - 0x00007ff9f5049000 	C:\WINDOWS\SYSTEM32\USERENV.dll
0x00007ff9f5300000 - 0x00007ff9f5327000 	C:\WINDOWS\SYSTEM32\bcrypt.dll
0x00007ff9f6340000 - 0x00007ff9f63bf000 	C:\WINDOWS\System32\bcryptprimitives.dll
0x00007ff9f5170000 - 0x00007ff9f517c000 	C:\WINDOWS\SYSTEM32\CRYPTBASE.dll
0x00007ff9f45b0000 - 0x00007ff9f45dd000 	C:\WINDOWS\SYSTEM32\IPHLPAPI.DLL
0x00007ff9f6830000 - 0x00007ff9f6839000 	C:\WINDOWS\System32\NSI.dll
0x00007ff9ee2f0000 - 0x00007ff9ee309000 	C:\WINDOWS\SYSTEM32\dhcpcsvc6.DLL
0x00007ff9eefd0000 - 0x00007ff9eefee000 	C:\WINDOWS\SYSTEM32\dhcpcsvc.DLL
0x00007ff9f45e0000 - 0x00007ff9f46c8000 	C:\WINDOWS\SYSTEM32\DNSAPI.dll
0x00007ff9e2c00000 - 0x00007ff9e2c0b000 	C:\Program Files\Unity\Hub\Editor\2021.3.11f1\Editor\Data\PlaybackEngines\AndroidPlayer\OpenJDK\jre\bin\sunmscapi.dll
0x00007ff9f5a10000 - 0x00007ff9f5b72000 	C:\WINDOWS\System32\CRYPT32.dll
0x00007ff9e1770000 - 0x00007ff9e177a000 	C:\Windows\System32\rasadhlp.dll
0x00007ff9eb9f0000 - 0x00007ff9eba71000 	C:\WINDOWS\System32\fwpuclnt.dll

VM Arguments:
jvm_args: -Dfile.encoding=UTF-8 -Dcom.android.sdklib.toolsdir=C:\Program Files\Unity\Hub\Editor\2021.3.11f1\Editor\Data\PlaybackEngines\AndroidPlayer\SDK\tools\bin\\.. 
java_command: com.android.sdklib.tool.sdkmanager.SdkManagerCli --list
java_class_path (initial): C:\Program Files\Unity\Hub\Editor\2021.3.11f1\Editor\Data\PlaybackEngines\AndroidPlayer\SDK\tools\bin\..\lib\dvlib-26.0.0-dev.jar;C:\Program Files\Unity\Hub\Editor\2021.3.11f1\Editor\Data\PlaybackEngines\AndroidPlayer\SDK\tools\bin\..\lib\jimfs-1.1.jar;C:\Program Files\Unity\Hub\Editor\2021.3.11f1\Editor\Data\PlaybackEngines\AndroidPlayer\SDK\tools\bin\..\lib\jsr305-1.3.9.jar;C:\Program Files\Unity\Hub\Editor\2021.3.11f1\Editor\Data\PlaybackEngines\AndroidPlayer\SDK\tools\bin\..\lib\repository-26.0.0-dev.jar;C:\Program Files\Unity\Hub\Editor\2021.3.11f1\Editor\Data\PlaybackEngines\AndroidPlayer\SDK\tools\bin\..\lib\j2objc-annotations-1.1.jar;C:\Program Files\Unity\Hub\Editor\2021.3.11f1\Editor\Data\PlaybackEngines\AndroidPlayer\SDK\tools\bin\..\lib\layoutlib-api-26.0.0-dev.jar;C:\Program Files\Unity\Hub\Editor\2021.3.11f1\Editor\Data\PlaybackEngines\AndroidPlayer\SDK\tools\bin\..\lib\gson-2.3.jar;C:\Program Files\Unity\Hub\Editor\2021.3.11f1\Editor\Data\PlaybackEngines\AndroidPlayer\SDK\tools\bin\..\lib\httpcore-4.2.5.jar;C:\Program Files\Unity\Hub\Editor\2021.3.11f1\Editor\Data\PlaybackEngines\AndroidPlayer\SDK\tools\bin\..\lib\commons-logging-1.1.1.jar;C:\Program Files\Unity\Hub\Editor\2021.3.11f1\Editor\Data\PlaybackEngines\AndroidPlayer\SDK\tools\bin\..\lib\commons-compress-1.12.jar;C:\Program Files\Unity\Hub\Editor\2021.3.11f1\Editor\Data\PlaybackEngines\AndroidPlayer\SDK\tools\bin\..\lib\annotations-26.0.0-dev.jar;C:\Program Files\Unity\Hub\Editor\2021.3.11f1\Editor\Data\PlaybackEngines\AndroidPlayer\SDK\tools\bin\..\lib\error_prone_annotations-2.0.18.jar;C:\Program Files\Unity\Hub\Editor\2021.3.11f1\Editor\Data\PlaybackEngines\AndroidPlayer\SDK\tools\bin\..\lib\animal-sniffer-annotations-1.14.jar;C:\Program Files\Unity\Hub\Editor\2021.3.11f1\Editor\Data\PlaybackEngines\AndroidPlayer\SDK\tools\bin\..\lib\httpclient-4.2.6.jar;C:\Program Files\Unity\Hub\Editor\2021.3.11f1\Editor\Data\PlaybackEngines\AndroidPlayer\SDK\tools\bin\..\lib
Launcher Type: SUN_STANDARD

Environment Variables:
JAVA_HOME=C:\Program Files\Unity\Hub\Editor\2021.3.11f1\Editor\Data\PlaybackEngines\AndroidPlayer\OpenJDK
JAVA_TOOL_OPTIONS=-Dfile.encoding=UTF-8
PATH=C:\Program Files (x86)\Common Files\Oracle\Java\javapath;C:\ProgramData\Oracle\Java\javapath;C:\Program Files\Microsoft MPI\Bin\;C:\Program Files\Eclipse Foundation\jdk-16.0.2.7-hotspot\bin;C:\WINDOWS\system32;C:\WINDOWS;C:\WINDOWS\System32\Wbem;C:\WINDOWS\System32\WindowsPowerShell\v1.0\;C:\WINDOWS\System32\OpenSSH\;C:\Program Files\dotnet\;C:\Program Files (x86)\Microsoft SQL Server\140\Tools\Binn\;C:\Program Files\Microsoft SQL Server\140\Tools\Binn\;C:\Program Files (x86)\Microsoft SQL Server\140\DTS\Binn\;C:\Program Files\Microsoft SQL Server\140\DTS\Binn\;C:\Program Files\Microsoft SQL Server\Client SDK\ODBC\130\Tools\Binn\;C:\Program Files (x86)\Microsoft SQL Server\150\DTS\Binn\;C:\Program Files\Azure Data Studio\bin;C:\Program Files\Microsoft SQL Server\150\Tools\Binn\;C:\Program Files\Microsoft SQL Server\Client SDK\ODBC\170\Tools\Binn\;C:\Program Files\Git\cmd;C:\Users\lexke\AppData\Local\Programs\Python\Python310\Scripts\;C:\Users\lexke\AppData\Local\Programs\Python\Python310\;C:\Users\lexke\AppData\Local\Microsoft\WindowsApps;C:\Users\lexke\.dotnet\tools;C:\Users\lexke\AppData\Local\Programs\Microsoft VS Code\bin;C:\Program Files\JetBrains\IntelliJ IDEA Community Edition 2021.2.2\bin;;C:\Program Files\JetBrains\PyCharm Community Edition 2021.2.2\bin;;C:\Program Files\Azure Data Studio\bin;C:\Users\lexke\AppData\Local\GitHubDesktop\bin;C:\Program Files\JetBrains\PyCharm 2021.3\bin;;C:\Program Files\JetBrains\IntelliJ IDEA 2021.3.2\bin;
USERNAME=lexke
OS=Windows_NT
PROCESSOR_IDENTIFIER=AMD64 Family 23 Model 24 Stepping 1, AuthenticAMD



---------------  S Y S T E M  ---------------

OS: Windows 10.0 , 64 bit Build 22000 (10.0.22000.708)

CPU:total 8 (initial active 8) (8 cores per cpu, 1 threads per core) family 23 model 24 stepping 1, cmov, cx8, fxsr, mmx, sse, sse2, sse3, ssse3, sse4.1, sse4.2, popcnt, avx, avx2, aes, clmul, mmxext, 3dnowpref, lzcnt, sse4a, tsc, tscinvbit, tscinv, bmi1

Memory: 4k page, physical 6206528k(456852k free), swap 18494528k(2380k free)

vm_info: OpenJDK 64-Bit Server VM (25.71-b00) for windows-amd64 JRE (1.8.0-adoptopenjdk-_2018_05_19_00_59-b00), built on May 19 2018 01:02:12 by "jenkins" with MS VC++ 10.0 (VS2010)

time: Sat Oct 29 23:25:48 2022
elapsed time: 2 seconds (0d 0h 0m 2s)

